fanduel
bovada
betmgm
draftkings
betrivers
mybookieag
draftkings
betmgm
bovada
fanduel
betrivers
mybookieag
lowvig
betonlineag
betus
fanduel
betmgm
mybookieag
lowvig
betonlineag
betus
betrivers
draftkings
bovada
fanduel
bovada
betmgm
draftkings
betrivers
mybookieag
lowvig
betonlineag
betus
fanduel
betmgm
draftkings
betrivers
mybookieag
lowvig
betonlineag
betus
bovada
draftkings
betmgm
bovada
fanduel
betrivers
mybookieag
lowvig
betonlineag
betus
fanduel
mybookieag
betonlineag
lowvig
betmgm
betrivers
draftkings
betus
bovada
fanduel
mybookieag
lowvig
betonlineag
betmgm
betrivers
draftkings
betus
bovada
fanduel
lowvig
betonlineag
mybookieag
betrivers
betmgm
draftkings
betus
bovada
fanduel
mybookieag
betrivers
betmgm
draftkings
betonlineag
lowvig
betus
bovada
DONE LOADING ODDS
<class 'dict'>
{'message': 'Markets not supported by this endpoint: player_hits', 'error_code': 'INVALID_MARKET', 'details_url': 'https://the-odds-api.com/liveapi/guides/v4/api-error-codes.html#invalid-market'}
PROPS API ERROR: {'message': 'Markets not supported by this endpoint: player_hits', 'error_code': 'INVALID_MARKET', 'details_url': 'https://the-odds-api.com/liveapi/guides/v4/api-error-codes.html#invalid-market'}
fanduel
bovada
betmgm
draftkings
betrivers
mybookieag
draftkings
betmgm
bovada
fanduel
betrivers
mybookieag
lowvig
betonlineag
betus
fanduel
betmgm
mybookieag
lowvig
betonlineag
betus
betrivers
draftkings
bovada
fanduel
bovada
betmgm
draftkings
betrivers
mybookieag
lowvig
betonlineag
betus
fanduel
betmgm
draftkings
betrivers
mybookieag
lowvig
betonlineag
betus
bovada
draftkings
betmgm
bovada
fanduel
betrivers
mybookieag
lowvig
betonlineag
betus
fanduel
mybookieag
betonlineag
lowvig
betmgm
betrivers
draftkings
betus
bovada
fanduel
mybookieag
lowvig
betonlineag
betmgm
betrivers
draftkings
betus
bovada
fanduel
lowvig
betonlineag
mybookieag
betrivers
betmgm
draftkings
betus
bovada
fanduel
mybookieag
betrivers
betmgm
draftkings
betonlineag
lowvig
betus
bovada
DONE LOADING ODDS
<class 'dict'>
{'message': 'Markets not supported by this endpoint: player_hits', 'error_code': 'INVALID_MARKET', 'details_url': 'https://the-odds-api.com/liveapi/guides/v4/api-error-codes.html#invalid-market'}
PROPS API ERROR: {'message': 'Markets not supported by this endpoint: player_hits', 'error_code': 'INVALID_MARKET', 'details_url': 'https://the-odds-api.com/liveapi/guides/v4/api-error-codes.html#invalid-market'}
fanduel
bovada
betmgm
draftkings
betrivers
mybookieag
draftkings
betmgm
bovada
fanduel
betrivers
mybookieag
lowvig
betonlineag
betus
fanduel
betmgm
mybookieag
lowvig
betonlineag
betus
betrivers
draftkings
bovada
fanduel
bovada
betmgm
draftkings
betrivers
mybookieag
lowvig
betonlineag
betus
fanduel
betmgm
draftkings
betrivers
mybookieag
lowvig
betonlineag
betus
bovada
draftkings
betmgm
bovada
fanduel
betrivers
mybookieag
lowvig
betonlineag
betus
fanduel
mybookieag
betonlineag
lowvig
betmgm
betrivers
draftkings
betus
bovada
fanduel
mybookieag
lowvig
betonlineag
betmgm
betrivers
draftkings
betus
bovada
fanduel
lowvig
betonlineag
mybookieag
betrivers
betmgm
draftkings
betus
bovada
fanduel
mybookieag
betrivers
betmgm
draftkings
betonlineag
lowvig
betus
bovada
DONE LOADING ODDS
<class 'dict'>
{'message': 'Markets not supported by this endpoint: player_hits', 'error_code': 'INVALID_MARKET', 'details_url': 'https://the-odds-api.com/liveapi/guides/v4/api-error-codes.html#invalid-market'}
PROPS API ERROR: {'message': 'Markets not supported by this endpoint: player_hits', 'error_code': 'INVALID_MARKET', 'details_url': 'https://the-odds-api.com/liveapi/guides/v4/api-error-codes.html#invalid-market'}
fanduel
bovada
betmgm
draftkings
mybookieag
draftkings
betmgm
bovada
fanduel
betrivers
mybookieag
fanduel
betmgm
mybookieag
lowvig
betonlineag
betus
betrivers
draftkings
bovada
fanduel
bovada
betmgm
draftkings
betrivers
mybookieag
lowvig
betonlineag
betus
fanduel
betmgm
draftkings
betrivers
mybookieag
lowvig
betonlineag
betus
bovada
draftkings
betmgm
bovada
fanduel
betrivers
mybookieag
lowvig
betonlineag
betus
fanduel
mybookieag
betonlineag
lowvig
betmgm
betrivers
draftkings
betus
bovada
fanduel
mybookieag
lowvig
betonlineag
betmgm
betrivers
draftkings
betus
bovada
fanduel
lowvig
betonlineag
mybookieag
betrivers
betmgm
draftkings
betus
bovada
fanduel
mybookieag
betrivers
betmgm
draftkings
betonlineag
lowvig
betus
bovada
DONE LOADING ODDS
<class 'dict'>
{'message': 'Markets not supported by this endpoint: player_hits', 'error_code': 'INVALID_MARKET', 'details_url': 'https://the-odds-api.com/liveapi/guides/v4/api-error-codes.html#invalid-market'}
PROPS API ERROR: {'message': 'Markets not supported by this endpoint: player_hits', 'error_code': 'INVALID_MARKET', 'details_url': 'https://the-odds-api.com/liveapi/guides/v4/api-error-codes.html#invalid-market'}
